生成启动时间为 2019/4/12 21:48:19。
     1>项目“C:\Users\wilso\Desktop\output\Algorithm Foundation\ssort\ssort\ssort.vcxproj”在节点 2 上(build 个目标)。
     1>InitializeBuildStatus:
         正在创建“Debug\ssort.unsuccessfulbuild”，因为已指定“AlwaysCreate”。
       ClCompile:
         所有输出均为最新。
         C:\Program Files (x86)\Microsoft Visual Studio 10.0\VC\bin\CL.exe /c /ZI /nologo /W3 /WX- /Od /Oy- /D WIN32 /D _DEBUG /D _CONSOLE /D _UNICODE /D UNICODE /Gm /EHsc /RTC1 /MDd /GS /fp:precise /Zc:wchar_t /Zc:forScope /Yu"StdAfx.h" /Fp"Debug\ssort.pch" /Fo"Debug\\" /Fd"Debug\vc100.pdb" /Gd /TP /analyze- /errorReport:prompt main.cpp
         main.cpp
       ManifestResourceCompile:
         所有输出均为最新。
       Link:
         C:\Program Files (x86)\Microsoft Visual Studio 10.0\VC\bin\link.exe /ERRORREPORT:PROMPT /OUT:"C:\Users\wilso\Desktop\output\Algorithm Foundation\ssort\Debug\ssort.exe" /INCREMENTAL /NOLOGO kernel32.lib user32.lib gdi32.lib winspool.lib comdlg32.lib advapi32.lib shell32.lib ole32.lib oleaut32.lib uuid.lib odbc32.lib odbccp32.lib /MANIFEST /ManifestFile:"Debug\ssort.exe.intermediate.manifest" /MANIFESTUAC:"level='asInvoker' uiAccess='false'" /DEBUG /PDB:"C:\Users\wilso\Desktop\output\Algorithm Foundation\ssort\Debug\ssort.pdb" /SUBSYSTEM:CONSOLE /TLBID:1 /DYNAMICBASE /NXCOMPAT /IMPLIB:"C:\Users\wilso\Desktop\output\Algorithm Foundation\ssort\Debug\ssort.lib" /MACHINE:X86 Debug\ssort.exe.embed.manifest.res
         Debug\FastSort.obj
         Debug\HeapSort.obj
         Debug\InsertSort.obj
         Debug\main.obj
         Debug\MergeSort.obj
         Debug\ssort.obj
         Debug\stdafx.obj
       Manifest:
         C:\Program Files (x86)\Microsoft SDKs\Windows\v7.0A\bin\mt.exe /nologo /verbose /out:"Debug\ssort.exe.embed.manifest" /manifest Debug\ssort.exe.intermediate.manifest
         所有输出均为最新。
       LinkEmbedManifest:
         所有输出均为最新。
         ssort.vcxproj -> C:\Users\wilso\Desktop\output\Algorithm Foundation\ssort\Debug\ssort.exe
       FinalizeBuildStatus:
         正在删除文件“Debug\ssort.unsuccessfulbuild”。
         正在对“Debug\ssort.lastbuildstate”执行 Touch 任务。
     1>已完成生成项目“C:\Users\wilso\Desktop\output\Algorithm Foundation\ssort\ssort\ssort.vcxproj”(build 个目标)的操作。

生成成功。

已用时间 00:00:02.25
