生成启动时间为 2019/5/5 16:59:23。
     1>项目“C:\Users\wilso\Desktop\实验\算法实验\2nd区间数\2nd区间数\2nd区间数.vcxproj”在节点 2 上(build 个目标)。
     1>InitializeBuildStatus:
         正在对“Debug\2nd区间数.unsuccessfulbuild”执行 Touch 任务。
       ClCompile:
         所有输出均为最新。
         C:\Program Files (x86)\Microsoft Visual Studio 10.0\VC\bin\CL.exe /c /ZI /nologo /W3 /WX- /Od /Oy- /D WIN32 /D _DEBUG /D _CONSOLE /D _UNICODE /D UNICODE /Gm /EHsc /RTC1 /MDd /GS /fp:precise /Zc:wchar_t /Zc:forScope /Yu"StdAfx.h" /Fp"Debug\2nd区间数.pch" /Fo"Debug\\" /Fd"Debug\vc100.pdb" /Gd /TP /analyze- /errorReport:prompt RBtree.cpp main.cpp
         main.cpp
     1>c:\users\wilso\desktop\实验\算法实验\2nd区间数\2nd区间数\main.cpp(15): warning C4101: “y”: 未引用的局部变量
         正在生成代码...
         正在编译...
         RBtree.cpp
         正在生成代码...
       ManifestResourceCompile:
         所有输出均为最新。
       Link:
         C:\Program Files (x86)\Microsoft Visual Studio 10.0\VC\bin\link.exe /ERRORREPORT:PROMPT /OUT:"C:\Users\wilso\Desktop\实验\算法实验\2nd区间数\Debug\2nd区间数.exe" /INCREMENTAL /NOLOGO kernel32.lib user32.lib gdi32.lib winspool.lib comdlg32.lib advapi32.lib shell32.lib ole32.lib oleaut32.lib uuid.lib odbc32.lib odbccp32.lib /MANIFEST /ManifestFile:"Debug\2nd区间数.exe.intermediate.manifest" /MANIFESTUAC:"level='asInvoker' uiAccess='false'" /DEBUG /PDB:"C:\Users\wilso\Desktop\实验\算法实验\2nd区间数\Debug\2nd区间数.pdb" /SUBSYSTEM:CONSOLE /TLBID:1 /DYNAMICBASE /NXCOMPAT /IMPLIB:"C:\Users\wilso\Desktop\实验\算法实验\2nd区间数\Debug\2nd区间数.lib" /MACHINE:X86 "Debug\2nd区间数.exe.embed.manifest.res"
         Debug\main.obj
         Debug\RBtree.obj
         Debug\stdafx.obj
       Manifest:
         C:\Program Files (x86)\Microsoft SDKs\Windows\v7.0A\bin\mt.exe /nologo /verbose /out:"Debug\2nd区间数.exe.embed.manifest" /manifest "Debug\2nd区间数.exe.intermediate.manifest"
         所有输出均为最新。
       LinkEmbedManifest:
         所有输出均为最新。
         2nd区间数.vcxproj -> C:\Users\wilso\Desktop\实验\算法实验\2nd区间数\Debug\2nd区间数.exe
       FinalizeBuildStatus:
         正在删除文件“Debug\2nd区间数.unsuccessfulbuild”。
         正在对“Debug\2nd区间数.lastbuildstate”执行 Touch 任务。
     1>已完成生成项目“C:\Users\wilso\Desktop\实验\算法实验\2nd区间数\2nd区间数\2nd区间数.vcxproj”(build 个目标)的操作。

生成成功。

已用时间 00:00:03.03
